mode: set
UlboraCmsAdmin/handlers/utilities.go:34.32,36.2 1 1
UlboraCmsAdmin/handlers/utilities.go:38.30,40.2 1 1
UlboraCmsAdmin/handlers/utilities.go:47.13,49.2 1 1
UlboraCmsAdmin/handlers/utilities.go:54.36,56.19 2 1
UlboraCmsAdmin/handlers/utilities.go:59.2,59.18 1 1
UlboraCmsAdmin/handlers/utilities.go:56.19,58.3 1 1
UlboraCmsAdmin/handlers/contentHandler.go:39.76,48.57 5 1
UlboraCmsAdmin/handlers/contentHandler.go:48.57,50.3 1 1
UlboraCmsAdmin/handlers/contentHandler.go:50.3,67.3 9 1
UlboraCmsAdmin/handlers/contentHandler.go:71.76,78.57 5 1
UlboraCmsAdmin/handlers/contentHandler.go:78.57,80.3 1 1
UlboraCmsAdmin/handlers/contentHandler.go:80.3,100.22 8 1
UlboraCmsAdmin/handlers/contentHandler.go:106.3,145.30 20 1
UlboraCmsAdmin/handlers/contentHandler.go:100.22,102.4 1 1
UlboraCmsAdmin/handlers/contentHandler.go:145.30,147.4 1 1
UlboraCmsAdmin/handlers/contentHandler.go:147.4,149.4 1 1
UlboraCmsAdmin/handlers/contentHandler.go:154.79,159.57 5 1
UlboraCmsAdmin/handlers/contentHandler.go:159.57,161.3 1 1
UlboraCmsAdmin/handlers/contentHandler.go:161.3,189.22 10 1
UlboraCmsAdmin/handlers/contentHandler.go:195.3,221.23 14 1
UlboraCmsAdmin/handlers/contentHandler.go:227.3,245.30 9 1
UlboraCmsAdmin/handlers/contentHandler.go:189.22,191.4 1 1
UlboraCmsAdmin/handlers/contentHandler.go:221.23,223.4 1 1
UlboraCmsAdmin/handlers/contentHandler.go:223.4,225.4 1 1
UlboraCmsAdmin/handlers/contentHandler.go:245.30,247.4 1 1
UlboraCmsAdmin/handlers/contentHandler.go:247.4,250.4 2 1
UlboraCmsAdmin/handlers/contentHandler.go:255.76,260.57 5 1
UlboraCmsAdmin/handlers/contentHandler.go:260.57,262.3 1 1
UlboraCmsAdmin/handlers/contentHandler.go:262.3,291.3 19 1
UlboraCmsAdmin/handlers/contentHandler.go:295.79,301.57 5 1
UlboraCmsAdmin/handlers/contentHandler.go:301.57,303.3 1 1
UlboraCmsAdmin/handlers/contentHandler.go:303.3,322.19 11 1
UlboraCmsAdmin/handlers/contentHandler.go:327.3,327.45 1 1
UlboraCmsAdmin/handlers/contentHandler.go:322.19,326.4 3 1
UlboraCmsAdmin/handlers/handler.go:52.82,55.67 3 1
UlboraCmsAdmin/handlers/handler.go:58.2,58.14 1 1
UlboraCmsAdmin/handlers/handler.go:55.67,57.3 1 1
UlboraCmsAdmin/handlers/handler.go:61.71,65.2 3 1
UlboraCmsAdmin/handlers/handler.go:67.28,69.34 2 1
UlboraCmsAdmin/handlers/handler.go:74.2,74.12 1 1
UlboraCmsAdmin/handlers/handler.go:69.34,71.3 1 1
UlboraCmsAdmin/handlers/handler.go:71.3,73.3 1 1
UlboraCmsAdmin/handlers/handler.go:77.36,79.43 2 1
UlboraCmsAdmin/handlers/handler.go:84.2,84.12 1 1
UlboraCmsAdmin/handlers/handler.go:79.43,81.3 1 1
UlboraCmsAdmin/handlers/handler.go:81.3,83.3 1 1
UlboraCmsAdmin/handlers/handler.go:87.60,90.18 3 1
UlboraCmsAdmin/handlers/handler.go:95.2,95.19 1 1
UlboraCmsAdmin/handlers/handler.go:90.18,92.3 1 1
UlboraCmsAdmin/handlers/handler.go:92.3,94.3 1 1
UlboraCmsAdmin/handlers/handler.go:98.88,100.16 2 1
UlboraCmsAdmin/handlers/handler.go:104.2,104.16 1 1
UlboraCmsAdmin/handlers/handler.go:100.16,103.3 2 1
UlboraCmsAdmin/handlers/handler.go:107.30,109.41 2 1
UlboraCmsAdmin/handlers/handler.go:117.2,117.12 1 1
UlboraCmsAdmin/handlers/handler.go:109.41,112.3 2 1
UlboraCmsAdmin/handlers/handler.go:112.3,112.44 1 1
UlboraCmsAdmin/handlers/handler.go:112.44,114.3 1 1
UlboraCmsAdmin/handlers/handler.go:114.3,116.3 1 1
UlboraCmsAdmin/handlers/handler.go:120.35,122.43 2 1
UlboraCmsAdmin/handlers/handler.go:127.2,127.12 1 1
UlboraCmsAdmin/handlers/handler.go:122.43,124.3 1 1
UlboraCmsAdmin/handlers/handler.go:124.3,126.3 1 1
UlboraCmsAdmin/handlers/handler.go:130.32,132.40 2 1
UlboraCmsAdmin/handlers/handler.go:137.2,137.12 1 1
UlboraCmsAdmin/handlers/handler.go:132.40,134.3 1 1
UlboraCmsAdmin/handlers/handler.go:134.3,136.3 1 1
UlboraCmsAdmin/handlers/handler.go:140.28,142.41 2 1
UlboraCmsAdmin/handlers/handler.go:150.2,150.12 1 1
UlboraCmsAdmin/handlers/handler.go:142.41,145.3 2 1
UlboraCmsAdmin/handlers/handler.go:145.3,145.42 1 1
UlboraCmsAdmin/handlers/handler.go:145.42,147.3 1 1
UlboraCmsAdmin/handlers/handler.go:147.3,149.3 1 1
UlboraCmsAdmin/handlers/handler.go:154.51,155.50 1 1
UlboraCmsAdmin/handlers/handler.go:155.50,157.3 1 1
UlboraCmsAdmin/handlers/handler.go:157.3,159.3 1 1
UlboraCmsAdmin/handlers/imageHandler.go:36.74,41.57 5 1
UlboraCmsAdmin/handlers/imageHandler.go:41.57,43.3 1 1
UlboraCmsAdmin/handlers/imageHandler.go:43.3,45.3 1 1
UlboraCmsAdmin/handlers/imageHandler.go:49.78,54.57 5 1
UlboraCmsAdmin/handlers/imageHandler.go:54.57,56.3 1 1
UlboraCmsAdmin/handlers/imageHandler.go:56.3,120.30 23 1
UlboraCmsAdmin/handlers/imageHandler.go:120.30,122.4 1 1
UlboraCmsAdmin/handlers/imageHandler.go:122.4,125.4 2 1
UlboraCmsAdmin/handlers/imageHandler.go:130.72,135.58 5 1
UlboraCmsAdmin/handlers/imageHandler.go:135.58,137.3 1 1
UlboraCmsAdmin/handlers/imageHandler.go:137.3,149.3 9 1
UlboraCmsAdmin/handlers/imageHandler.go:153.77,158.57 5 1
UlboraCmsAdmin/handlers/imageHandler.go:158.57,160.3 1 1
UlboraCmsAdmin/handlers/imageHandler.go:160.3,174.31 11 1
UlboraCmsAdmin/handlers/imageHandler.go:179.3,179.45 1 1
UlboraCmsAdmin/handlers/imageHandler.go:174.31,178.4 3 1
UlboraCmsAdmin/handlers/indexHandler.go:37.76,46.57 5 1
UlboraCmsAdmin/handlers/indexHandler.go:46.57,49.3 1 1
UlboraCmsAdmin/handlers/indexHandler.go:49.3,60.3 8 1
UlboraCmsAdmin/handlers/loginHandler.go:35.71,38.2 1 1
UlboraCmsAdmin/handlers/loginHandler.go:41.72,59.2 6 1
UlboraCmsAdmin/handlers/loginHandler.go:61.73,64.2 1 1
UlboraCmsAdmin/handlers/loginHandler.go:67.79,104.2 15 1
UlboraCmsAdmin/handlers/loginHandler.go:107.79,111.43 3 1
UlboraCmsAdmin/handlers/loginHandler.go:111.43,139.3 10 1
